<?xml version="1.0" encoding="UTF-8"?>
<testsuite xmlns:xsi="http://www.w3.org/2001/XMLSchema-instance" xsi:noNamespaceSchemaLocation="https://maven.apache.org/surefire/maven-surefire-plugin/xsd/surefire-test-report-3.0.xsd" version="3.0" name="tacos.TacoCloudApplicationTests" time="3.601" tests="1" errors="0" skipped="0" failures="0">
  <properties>
[...]
</properties>
  <testcase name="contextLoads" classname="tacos.TacoCloudApplicationTests" time="0.525">
    <system-out><![CDATA[06:42:45.213 [main] INFO org.springframework.test.context.support.AnnotationConfigContextLoaderUtils -- Could not detect default configuration classes for test class [tacos.TacoCloudApplicationTests]: TacoCloudApplicationTests does not declare any static, non-private, non-final, nested classes annotated with @Configuration.
06:42:45.296 [main] INFO org.springframework.boot.test.context.SpringBootTestContextBootstrapper -- Found @SpringBootConfiguration tacos.TacoCloudApplication for test class tacos.TacoCloudApplicationTests
06:42:45.414 [main] INFO org.springframework.boot.devtools.restart.RestartApplicationListener -- Restart disabled due to context in which it is running

  .   ____          _            __ _ _
 /\\ / ___'_ __ _ _(_)_ __  __ _ \ \ \ \
( ( )\___ | '_ | '_| | '_ \/ _` | \ \ \ \
 \\/  ___)| |_)| | | | | || (_| |  ) ) ) )
  '  |____| .__|_| |_|_| |_\__, | / / / /
 =========|_|==============|___/=/_/_/_/
 :: Spring Boot ::                (v3.2.5)

2025-06-02T06:42:45.608+09:00  INFO 9688 --- [           main] tacos.TacoCloudApplicationTests          : Starting TacoCloudApplicationTests using Java 23.0.2 with PID 9688 (started by htutu in C:\Users\htutu\Desktop\JAVA\25주차\java_prtc\src\ch25_3)
2025-06-02T06:42:45.609+09:00  INFO 9688 --- [           main] tacos.TacoCloudApplicationTests          : No active profile set, falling back to 1 default profile: "default"
2025-06-02T06:42:45.972+09:00  INFO 9688 --- [           main] .s.d.r.c.RepositoryConfigurationDelegate : Multiple Spring Data modules found, entering strict repository configuration mode
2025-06-02T06:42:45.973+09:00  INFO 9688 --- [           main] .s.d.r.c.RepositoryConfigurationDelegate : Bootstrapping Spring Data MongoDB repositories in DEFAULT mode.
2025-06-02T06:42:46.007+09:00  INFO 9688 --- [           main] .s.d.r.c.RepositoryConfigurationDelegate : Finished Spring Data repository scanning in 30 ms. Found 3 MongoDB repository interfaces.
2025-06-02T06:42:46.496+09:00  INFO 9688 --- [k6r.mongodb.net] org.mongodb.driver.cluster               : Adding discovered server ac-yt6bpxo-shard-00-00.j31ok6r.mongodb.net:27017 to client view of cluster
2025-06-02T06:42:46.507+09:00  INFO 9688 --- [           main] org.mongodb.driver.client                : MongoClient with metadata {"driver": {"name": "mongo-java-driver|sync|spring-boot", "version": "4.11.2"}, "os": {"type": "Windows", "name": "Windows 11", "architecture": "amd64", "version": "10.0"}, "platform": "Java/Amazon.com Inc./23.0.2+7-FR"} created with settings MongoClientSettings{readPreference=primary, writeConcern=WriteConcern{w=null, wTimeout=null ms, journal=null}, retryWrites=true, retryReads=true, readConcern=ReadConcern{level=null}, credential=MongoCredential{mechanism=null, userName='hwangtutu', source='admin', password=<hidden>, mechanismProperties=<hidden>}, transportSettings=null, streamFactoryFactory=null, commandListeners=[], codecRegistry=ProvidersCodecRegistry{codecProviders=[ValueCodecProvider{}, BsonValueCodecProvider{}, DBRefCodecProvider{}, DBObjectCodecProvider{}, DocumentCodecProvider{}, CollectionCodecProvider{}, IterableCodecProvider{}, MapCodecProvider{}, GeoJsonCodecProvider{}, GridFSFileCodecProvider{}, Jsr310CodecProvider{}, JsonObjectCodecProvider{}, BsonCodecProvider{}, EnumCodecProvider{}, com.mongodb.client.model.mql.ExpressionCodecProvider@5974b7e8, com.mongodb.Jep395RecordCodecProvider@2839e3c8, com.mongodb.KotlinCodecProvider@66bf40e5]}, loggerSettings=LoggerSettings{maxDocumentLength=1000}, clusterSettings={hosts=[127.0.0.1:27017], srvHost=cluster0.j31ok6r.mongodb.net, srvServiceName=mongodb, mode=MULTIPLE, requiredClusterType=REPLICA_SET, requiredReplicaSetName='atlas-t98sxs-shard-0', serverSelector='null', clusterListeners='[]', serverSelectionTimeout='30000 ms', localThreshold='15 ms'}, socketSettings=SocketSettings{connectTimeoutMS=10000, readTimeoutMS=0, receiveBufferSize=0, proxySettings=ProxySettings{host=null, port=null, username=null, password=null}}, heartbeatSocketSettings=SocketSettings{connectTimeoutMS=10000, readTimeoutMS=10000, receiveBufferSize=0, proxySettings=ProxySettings{host=null, port=null, username=null, password=null}}, connectionPoolSettings=ConnectionPoolSettings{maxSize=100, minSize=0, maxWaitTimeMS=120000, maxConnectionLifeTimeMS=0, maxConnectionIdleTimeMS=0, maintenanceInitialDelayMS=0, maintenanceFrequencyMS=60000, connectionPoolListeners=[], maxConnecting=2}, serverSettings=ServerSettings{heartbeatFrequencyMS=10000, minHeartbeatFrequencyMS=500, serverListeners='[]', serverMonitorListeners='[]'}, sslSettings=SslSettings{enabled=true, invalidHostNameAllowed=false, context=null}, applicationName='null', compressorList=[], uuidRepresentation=JAVA_LEGACY, serverApi=null, autoEncryptionSettings=null, dnsClient=null, inetAddressResolver=null, contextProvider=null}
2025-06-02T06:42:46.516+09:00  INFO 9688 --- [k6r.mongodb.net] org.mongodb.driver.cluster               : Adding discovered server ac-yt6bpxo-shard-00-01.j31ok6r.mongodb.net:27017 to client view of cluster
2025-06-02T06:42:46.517+09:00  INFO 9688 --- [k6r.mongodb.net] org.mongodb.driver.cluster               : Adding discovered server ac-yt6bpxo-shard-00-02.j31ok6r.mongodb.net:27017 to client view of cluster
2025-06-02T06:42:47.002+09:00  INFO 9688 --- [ngodb.net:27017] org.mongodb.driver.cluster               : Monitor thread successfully connected to server with description ServerDescription{address=ac-yt6bpxo-shard-00-00.j31ok6r.mongodb.net:27017, type=REPLICA_SET_SECONDARY, state=CONNECTED, ok=true, minWireVersion=0, maxWireVersion=25, maxDocumentSize=16777216, logicalSessionTimeoutMinutes=30, roundTripTimeNanos=307037700, setName='atlas-t98sxs-shard-0', canonicalAddress=ac-yt6bpxo-shard-00-00.j31ok6r.mongodb.net:27017, hosts=[ac-yt6bpxo-shard-00-00.j31ok6r.mongodb.net:27017, ac-yt6bpxo-shard-00-01.j31ok6r.mongodb.net:27017, ac-yt6bpxo-shard-00-02.j31ok6r.mongodb.net:27017], passives=[], arbiters=[], primary='ac-yt6bpxo-shard-00-01.j31ok6r.mongodb.net:27017', tagSet=TagSet{[Tag{name='availabilityZone', value='apne2-az1'}, Tag{name='diskState', value='READY'}, Tag{name='nodeType', value='ELECTABLE'}, Tag{name='provider', value='AWS'}, Tag{name='region', value='AP_NORTHEAST_2'}, Tag{name='workloadType', value='OPERATIONAL'}]}, electionId=null, setVersion=9, topologyVersion=TopologyVersion{processId=682b5d4e3d45011362c9e60a, counter=4}, lastWriteDate=Mon Jun 02 06:42:46 KST 2025, lastUpdateTimeNanos=47563531847900}
2025-06-02T06:42:47.002+09:00  INFO 9688 --- [ngodb.net:27017] org.mongodb.driver.cluster               : Monitor thread successfully connected to server with description ServerDescription{address=ac-yt6bpxo-shard-00-01.j31ok6r.mongodb.net:27017, type=REPLICA_SET_PRIMARY, state=CONNECTED, ok=true, minWireVersion=0, maxWireVersion=25, maxDocumentSize=16777216, logicalSessionTimeoutMinutes=30, roundTripTimeNanos=309101100, setName='atlas-t98sxs-shard-0', canonicalAddress=ac-yt6bpxo-shard-00-01.j31ok6r.mongodb.net:27017, hosts=[ac-yt6bpxo-shard-00-00.j31ok6r.mongodb.net:27017, ac-yt6bpxo-shard-00-01.j31ok6r.mongodb.net:27017, ac-yt6bpxo-shard-00-02.j31ok6r.mongodb.net:27017], passives=[], arbiters=[], primary='ac-yt6bpxo-shard-00-01.j31ok6r.mongodb.net:27017', tagSet=TagSet{[Tag{name='availabilityZone', value='apne2-az3'}, Tag{name='diskState', value='READY'}, Tag{name='nodeType', value='ELECTABLE'}, Tag{name='provider', value='AWS'}, Tag{name='region', value='AP_NORTHEAST_2'}, Tag{name='workloadType', value='OPERATIONAL'}]}, electionId=7fffffff0000000000000092, setVersion=9, topologyVersion=TopologyVersion{processId=682b5f8995562e4e0417066b, counter=6}, lastWriteDate=Mon Jun 02 06:42:46 KST 2025, lastUpdateTimeNanos=47563531848000}
2025-06-02T06:42:47.002+09:00  INFO 9688 --- [ngodb.net:27017] org.mongodb.driver.cluster               : Monitor thread successfully connected to server with description ServerDescription{address=ac-yt6bpxo-shard-00-02.j31ok6r.mongodb.net:27017, type=REPLICA_SET_SECONDARY, state=CONNECTED, ok=true, minWireVersion=0, maxWireVersion=25, maxDocumentSize=16777216, logicalSessionTimeoutMinutes=30, roundTripTimeNanos=307766300, setName='atlas-t98sxs-shard-0', canonicalAddress=ac-yt6bpxo-shard-00-02.j31ok6r.mongodb.net:27017, hosts=[ac-yt6bpxo-shard-00-00.j31ok6r.mongodb.net:27017, ac-yt6bpxo-shard-00-01.j31ok6r.mongodb.net:27017, ac-yt6bpxo-shard-00-02.j31ok6r.mongodb.net:27017], passives=[], arbiters=[], primary='ac-yt6bpxo-shard-00-01.j31ok6r.mongodb.net:27017', tagSet=TagSet{[Tag{name='availabilityZone', value='apne2-az2'}, Tag{name='diskState', value='READY'}, Tag{name='nodeType', value='ELECTABLE'}, Tag{name='provider', value='AWS'}, Tag{name='region', value='AP_NORTHEAST_2'}, Tag{name='workloadType', value='OPERATIONAL'}]}, electionId=null, setVersion=9, topologyVersion=TopologyVersion{processId=682b62ebfa627ea4be2e5256, counter=3}, lastWriteDate=Mon Jun 02 06:42:46 KST 2025, lastUpdateTimeNanos=47563531848000}
2025-06-02T06:42:47.005+09:00  INFO 9688 --- [ngodb.net:27017] org.mongodb.driver.cluster               : Discovered replica set primary ac-yt6bpxo-shard-00-01.j31ok6r.mongodb.net:27017 with max election id 7fffffff0000000000000092 and max set version 9
2025-06-02T06:42:47.139+09:00  INFO 9688 --- [           main] o.s.s.web.DefaultSecurityFilterChain     : Will secure any request with [org.springframework.security.web.session.DisableEncodeUrlFilter@3b5da0b0, org.springframework.security.web.context.request.async.WebAsyncManagerIntegrationFilter@2c9cafa5, org.springframework.security.web.context.SecurityContextHolderFilter@17c53dfb, org.springframework.security.web.header.HeaderWriterFilter@521ba38f, org.springframework.web.filter.CorsFilter@6c6379c, org.springframework.security.web.csrf.CsrfFilter@218df7d6, org.springframework.security.web.authentication.logout.LogoutFilter@70f4abc1, org.springframework.security.web.authentication.UsernamePasswordAuthenticationFilter@5d84e363, org.springframework.security.web.savedrequest.RequestCacheAwareFilter@efe49ab, org.springframework.security.web.servletapi.SecurityContextHolderAwareRequestFilter@6dcf7b6a, org.springframework.security.web.authentication.AnonymousAuthenticationFilter@7df4709e, org.springframework.security.web.access.ExceptionTranslationFilter@77bb916f, org.springframework.security.web.access.intercept.AuthorizationFilter@7eae55]
2025-06-02T06:42:47.352+09:00  INFO 9688 --- [           main] tacos.TacoCloudApplicationTests          : Started TacoCloudApplicationTests in 1.947 seconds (process running for 2.61)
]]></system-out>
    <system-err><![CDATA[WARNING: A Java agent has been loaded dynamically (C:\Users\htutu\.m2\repository\net\bytebuddy\byte-buddy-agent\1.14.13\byte-buddy-agent-1.14.13.jar)
WARNING: If a serviceability tool is in use, please run with -XX:+EnableDynamicAgentLoading to hide this warning
WARNING: If a serviceability tool is not in use, please run with -Djdk.instrument.traceUsage for more information
WARNING: Dynamic loading of agents will be disallowed by default in a future release
]]></system-err>
  </testcase>
</testsuite>